2021-06-28 15:02:11,928 INFO o.h.v.i.u.Version [background-preinit] HV000001: Hibernate Validator 6.1.7.Final
2021-06-28 15:02:11,950 INFO o.s.b.StartupInfoLogger [restartedMain] Starting Application using Java 1.8.0_261 on A-PC with PID 13396 (D:\JAVA\Spring\shopapi\target\classes started by Anatolii in D:\JAVA\Spring\shopapi)
2021-06-28 15:02:11,953 INFO o.s.b.SpringApplication [restartedMain] No active profile set, falling back to default profiles: default
2021-06-28 15:02:11,990 INFO o.s.b.l.DeferredLog [restartedMain] Devtools property defaults active! Set 'spring.devtools.add-properties' to 'false' to disable
2021-06-28 15:02:11,991 INFO o.s.b.l.DeferredLog [restartedMain] For additional web related logging consider setting the 'logging.level.web' property to 'DEBUG'
2021-06-28 15:02:12,539 INFO o.s.d.r.c.RepositoryConfigurationDelegate [restartedMain] Bootstrapping Spring Data JPA repositories in DEFAULT mode.
2021-06-28 15:02:12,590 INFO o.s.d.r.c.RepositoryConfigurationDelegate [restartedMain] Finished Spring Data repository scanning in 45 ms. Found 5 JPA repository interfaces.
2021-06-28 15:02:12,860 INFO o.s.c.s.PostProcessorRegistrationDelegate$BeanPostProcessorChecker [restartedMain] Bean 'org.springframework.security.access.expression.method.DefaultMethodSecurityExpressionHandler@3a83be67' of type [org.springframework.security.access.expression.method.DefaultMethodSecurityExpressionHandler] is not eligible for getting processed by all BeanPostProcessors (for example: not eligible for auto-proxying)
2021-06-28 15:02:12,864 INFO o.s.c.s.PostProcessorRegistrationDelegate$BeanPostProcessorChecker [restartedMain] Bean 'methodSecurityMetadataSource' of type [org.springframework.security.access.method.DelegatingMethodSecurityMetadataSource] is not eligible for getting processed by all BeanPostProcessors (for example: not eligible for auto-proxying)
2021-06-28 15:02:13,118 INFO o.s.b.w.e.t.TomcatWebServer [restartedMain] Tomcat initialized with port(s): 8090 (http)
2021-06-28 15:02:13,124 INFO o.a.j.l.DirectJDKLog [restartedMain] Initializing ProtocolHandler ["http-nio-8090"]
2021-06-28 15:02:13,124 INFO o.a.j.l.DirectJDKLog [restartedMain] Starting service [Tomcat]
2021-06-28 15:02:13,124 INFO o.a.j.l.DirectJDKLog [restartedMain] Starting Servlet engine: [Apache Tomcat/9.0.41]
2021-06-28 15:02:13,189 INFO o.a.j.l.DirectJDKLog [restartedMain] Initializing Spring embedded WebApplicationContext
2021-06-28 15:02:13,189 INFO o.s.b.w.s.c.ServletWebServerApplicationContext [restartedMain] Root WebApplicationContext: initialization completed in 1198 ms
2021-06-28 15:02:13,279 INFO c.z.h.HikariDataSource [restartedMain] HikariPool-1 - Starting...
2021-06-28 15:02:13,520 INFO c.z.h.HikariDataSource [restartedMain] HikariPool-1 - Start completed.
2021-06-28 15:02:13,555 INFO o.h.j.i.u.LogHelper [restartedMain] HHH000204: Processing PersistenceUnitInfo [name: default]
2021-06-28 15:02:13,592 INFO o.h.Version [restartedMain] HHH000412: Hibernate ORM core version 5.4.27.Final
2021-06-28 15:02:13,688 INFO o.h.a.c.r.j.JavaReflectionManager [restartedMain] HCANN000001: Hibernate Commons Annotations {5.1.2.Final}
2021-06-28 15:02:13,782 INFO o.h.d.Dialect [restartedMain] HHH000400: Using dialect: org.hibernate.dialect.PostgreSQL10Dialect
2021-06-28 15:02:14,531 INFO o.h.e.t.j.p.i.JtaPlatformInitiator [restartedMain] HHH000490: Using JtaPlatform implementation: [org.hibernate.engine.transaction.jta.platform.internal.NoJtaPlatform]
2021-06-28 15:02:14,539 INFO o.s.o.j.AbstractEntityManagerFactoryBean [restartedMain] Initialized JPA EntityManagerFactory for persistence unit 'default'
2021-06-28 15:02:14,643 WARN o.s.b.a.o.j.JpaBaseConfiguration$JpaWebConfiguration [restartedMain] spring.jpa.open-in-view is enabled by default. Therefore, database queries may be performed during view rendering. Explicitly configure spring.jpa.open-in-view to disable this warning
2021-06-28 15:02:15,253 INFO o.s.s.w.DefaultSecurityFilterChain [restartedMain] Will secure any request with [org.springframework.security.web.context.request.async.WebAsyncManagerIntegrationFilter@20ab23f4, org.springframework.security.web.context.SecurityContextPersistenceFilter@1398e549, org.springframework.security.web.header.HeaderWriterFilter@76756081, org.springframework.security.web.csrf.CsrfFilter@76257700, org.springframework.security.web.authentication.logout.LogoutFilter@68d2ae6c, org.springframework.security.web.authentication.UsernamePasswordAuthenticationFilter@510bfb8c, org.springframework.security.web.savedrequest.RequestCacheAwareFilter@5c4671e1, org.springframework.security.web.servletapi.SecurityContextHolderAwareRequestFilter@2c231d36, org.springframework.security.web.authentication.rememberme.RememberMeAuthenticationFilter@35f5593, org.springframework.security.web.authentication.AnonymousAuthenticationFilter@4ccc1dc5, org.springframework.security.web.session.SessionManagementFilter@6d4c0b9, org.springframework.security.web.access.ExceptionTranslationFilter@39692719, org.springframework.security.web.access.intercept.FilterSecurityInterceptor@2d414bb0]
2021-06-28 15:02:15,374 INFO o.s.s.c.ExecutorConfigurationSupport [restartedMain] Initializing ExecutorService 'applicationTaskExecutor'
2021-06-28 15:02:15,647 INFO o.s.b.d.a.OptionalLiveReloadServer [restartedMain] LiveReload server is running on port 35729
2021-06-28 15:02:15,665 INFO o.a.j.l.DirectJDKLog [restartedMain] Starting ProtocolHandler ["http-nio-8090"]
2021-06-28 15:02:15,677 INFO o.s.b.w.e.t.TomcatWebServer [restartedMain] Tomcat started on port(s): 8090 (http) with context path ''
2021-06-28 15:02:15,688 INFO o.s.s.a.ScheduledAnnotationBeanPostProcessor [restartedMain] No TaskScheduler/ScheduledExecutorService bean found for scheduled processing
2021-06-28 15:02:15,694 INFO o.s.b.StartupInfoLogger [restartedMain] Started Application in 4.05 seconds (JVM running for 5.224)
2021-06-28 15:02:15,697 INFO c.k.s.Application [restartedMain] info
2021-06-28 15:02:15,697 WARN c.k.s.Application [restartedMain] warn
2021-06-28 15:02:15,697 ERROR c.k.s.Application [restartedMain] error
